c:\users\dvash\onedrive\desktop\lab\skeletonc2017\debug\cagdd.bsc
c:\users\dvash\onedrive - technion\spring25\cagd\cagd\debug\cagdd.bsc
c:\users\dvash\onedrive\desktop\lab\skeletonc2017\debug\cagd.pch
c:\users\dvash\onedrive\desktop\lab\skeletonc2017\debug\cagd.pdb
c:\users\dvash\onedrive\desktop\lab\skeletonc2017\debug\cagd.idb
c:\users\dvash\onedrive\desktop\lab\skeletonc2017\debug\segment.sbr
c:\users\dvash\onedrive\desktop\lab\skeletonc2017\debug\segment.obj
c:\users\dvash\onedrive\desktop\lab\skeletonc2017\debug\expr2tree.sbr
c:\users\dvash\onedrive\desktop\lab\skeletonc2017\debug\expr2tree.obj
c:\users\dvash\onedrive\desktop\lab\skeletonc2017\debug\cagd.sbr
c:\users\dvash\onedrive\desktop\lab\skeletonc2017\debug\callback.sbr
c:\users\dvash\onedrive\desktop\lab\skeletonc2017\debug\callback.obj
c:\users\dvash\onedrive\desktop\lab\skeletonc2017\debug\cagd.obj
c:\users\dvash\onedrive - technion\spring25\cagd\cagd\debug\cagd.pdb
c:\users\dvash\onedrive - technion\spring25\cagd\cagd\debug\cagd.idb
c:\users\dvash\onedrive - technion\spring25\cagd\cagd\debug\expr2tree.sbr
c:\users\dvash\onedrive - technion\spring25\cagd\cagd\debug\expr2tree.obj
c:\users\dvash\onedrive - technion\spring25\cagd\cagd\debug\cagd.pch
c:\users\dvash\onedrive - technion\spring25\cagd\cagd\debug\segment.sbr
c:\users\dvash\onedrive - technion\spring25\cagd\cagd\debug\segment.obj
c:\users\dvash\onedrive - technion\spring25\cagd\cagd\debug\cagd.sbr
c:\users\dvash\onedrive - technion\spring25\cagd\cagd\debug\callback.sbr
c:\users\dvash\onedrive - technion\spring25\cagd\cagd\debug\callback.obj
c:\users\dvash\onedrive - technion\spring25\cagd\cagd\debug\cagd.obj
c:\users\dvash\onedrive\desktop\lab\skeletonc2017\debug\cagdd.lib
c:\users\dvash\onedrive - technion\spring25\cagd\cagd\debug\cagdd.lib
c:\users\dvash\onedrive - technion\spring25\cagd\cagd\.\debug\cagdd.lib
c:\users\dvash\onedrive - technion\spring25\cagd\cagd\debug\cagd.tlog\bscmake.command.1.tlog
c:\users\dvash\onedrive - technion\spring25\cagd\cagd\debug\cagd.tlog\bscmake.read.1.tlog
c:\users\dvash\onedrive - technion\spring25\cagd\cagd\debug\cagd.tlog\bscmake.write.1.tlog
c:\users\dvash\onedrive - technion\spring25\cagd\cagd\debug\cagd.tlog\cl.command.1.tlog
c:\users\dvash\onedrive - technion\spring25\cagd\cagd\debug\cagd.tlog\cl.read.1.tlog
c:\users\dvash\onedrive - technion\spring25\cagd\cagd\debug\cagd.tlog\cl.write.1.tlog
c:\users\dvash\onedrive - technion\spring25\cagd\cagd\debug\cagd.tlog\lib-link.read.1.tlog
c:\users\dvash\onedrive - technion\spring25\cagd\cagd\debug\cagd.tlog\lib-link.write.1.tlog
c:\users\dvash\onedrive - technion\spring25\cagd\cagd\debug\cagd.tlog\lib.command.1.tlog
