C:\TEMP\VS2012\CAGDCLASS2012\DEMO\DEBUG\DEMO.OBJ
C:\TEMP\VS2012\CAGDCLASS2012\DEMO\DEBUG\VC110.PDB
C:\TEMP\VS2012\CAGDCLASS2012\DEMO\DEBUG\DEMO.ILK
C:\TEMP\VS2012\CAGDCLASS2012\DEMO\DEBUG\DEMO.EXE
C:\TEMP\VS2012\CAGDCLASS2012\DEMO\DEBUG\DEMO.PDB
C:\TEMP\VS2012\CAGDCLASS2012\DEMO\DEBUG\DEMO.RES
C:\temp\VS2012\CAGDClass2012\demo\Debug\demo.obj
C:\temp\VS2012\CAGDClass2012\demo\Debug\demo.ilk
C:\temp\VS2012\CAGDClass2012\demo\Debug\cl.command.1.tlog
C:\temp\VS2012\CAGDClass2012\demo\Debug\CL.read.1.tlog
C:\temp\VS2012\CAGDClass2012\demo\Debug\CL.write.1.tlog
C:\temp\VS2012\CAGDClass2012\demo\Debug\link-cvtres.read.1.tlog
C:\temp\VS2012\CAGDClass2012\demo\Debug\link-cvtres.write.1.tlog
C:\temp\VS2012\CAGDClass2012\demo\Debug\link-rc.read.1.tlog
C:\temp\VS2012\CAGDClass2012\demo\Debug\link-rc.write.1.tlog
C:\temp\VS2012\CAGDClass2012\demo\Debug\link.command.1.tlog
C:\temp\VS2012\CAGDClass2012\demo\Debug\link.read.1.tlog
C:\temp\VS2012\CAGDClass2012\demo\Debug\link.write.1.tlog
C:\temp\VS2012\CAGDClass2012\demo\Debug\rc.command.1.tlog
C:\temp\VS2012\CAGDClass2012\demo\Debug\rc.read.1.tlog
C:\temp\VS2012\CAGDClass2012\demo\Debug\rc.write.1.tlog
C:\temp\VS2012\CAGDClass2012\demo\Debug\demo.res
C:\temp\VS2012\CAGDClass2012\demo\Debug\vc110.idb
C:\temp\VS2012\CAGDClass2012\demo\Debug\demo.pdb
C:\temp\VS2012\CAGDClass2012\demo\Debug\vc110.pdb
C:\temp\VS2012\CAGDClass2012\demo\.\Debug\demo.exe
