  demo.c
c:\users\dvash\onedrive\desktop\lab\skeletonc2017\demo\demo.c(117): warning C4244: '=': conversion from 'double' to 'int', possible loss of data
c:\users\dvash\onedrive\desktop\lab\skeletonc2017\demo\demo.c(112): warning C4101: 'Tx_pt': unreferenced local variable
c:\users\dvash\onedrive\desktop\lab\skeletonc2017\demo\demo.c(112): warning C4101: 'Ty_py': unreferenced local variable
c:\users\dvash\onedrive\desktop\lab\skeletonc2017\demo\demo.c(112): warning C4101: 'Tz_pt': unreferenced local variable
c:\users\dvash\onedrive\desktop\lab\skeletonc2017\demo\demo.c(195): warning C4101: 'domain_minTmp': unreferenced local variable
c:\users\dvash\onedrive\desktop\lab\skeletonc2017\demo\demo.c(195): warning C4101: 'domain_maxTmp': unreferenced local variable
c:\users\dvash\onedrive\desktop\lab\skeletonc2017\demo\demo.c(194): warning C4101: 'stepSizeTmp': unreferenced local variable
c:\users\dvash\onedrive\desktop\lab\skeletonc2017\demo\demo.c(337): warning C4101: 'red': unreferenced local variable
c:\users\dvash\onedrive\desktop\lab\skeletonc2017\demo\demo.c(337): warning C4101: 'blue': unreferenced local variable
c:\users\dvash\onedrive\desktop\lab\skeletonc2017\demo\demo.c(337): warning C4101: 'green': unreferenced local variable
c:\users\dvash\onedrive\desktop\lab\skeletonc2017\demo\demo.c(417): warning C4101: 'Tx_tree': unreferenced local variable
c:\users\dvash\onedrive\desktop\lab\skeletonc2017\demo\demo.c(418): warning C4101: 'Ny_tree': unreferenced local variable
c:\users\dvash\onedrive\desktop\lab\skeletonc2017\demo\demo.c(418): warning C4101: 'Nx_tree': unreferenced local variable
c:\users\dvash\onedrive\desktop\lab\skeletonc2017\demo\demo.c(417): warning C4101: 'Ty_tree': unreferenced local variable
c:\users\dvash\onedrive\desktop\lab\skeletonc2017\demo\demo.c(417): warning C4101: 'Tz_tree': unreferenced local variable
c:\users\dvash\onedrive\desktop\lab\skeletonc2017\demo\demo.c(418): warning C4101: 'Nz_tree': unreferenced local variable
c:\users\dvash\onedrive\desktop\lab\skeletonc2017\demo\demo.c(459): warning C4700: uninitialized local variable 'Tx_point' used
c:\users\dvash\onedrive\desktop\lab\skeletonc2017\demo\demo.c(459): warning C4700: uninitialized local variable 'Ty_point' used
c:\users\dvash\onedrive\desktop\lab\skeletonc2017\demo\demo.c(459): warning C4700: uninitialized local variable 'Tz_point' used
  demo.vcxproj -> C:\Users\DVASH\OneDrive\Desktop\lab\SkeletonC2017\demo\.\Debug\demo.exe
