c:\users\dvash\onedrive - technion\spring25\cagd\cagd\demo\debug\vc141.pdb
c:\users\dvash\onedrive - technion\spring25\cagd\cagd\demo\debug\vc141.idb
c:\users\dvash\onedrive - technion\spring25\cagd\cagd\demo\debug\source.obj
c:\users\dvash\onedrive - technion\spring25\cagd\cagd\demo\debug\demo.obj
c:\users\dvash\onedrive - technion\spring25\cagd\cagd\demo\debug\demo.res
c:\users\dvash\onedrive - technion\spring25\cagd\cagd\demo\debug\demo.pdb
c:\users\dvash\onedrive - technion\spring25\cagd\cagd\demo\debug\demo.tlog\cl.command.1.tlog
c:\users\dvash\onedrive - technion\spring25\cagd\cagd\demo\debug\demo.tlog\cl.read.1.tlog
c:\users\dvash\onedrive - technion\spring25\cagd\cagd\demo\debug\demo.tlog\cl.write.1.tlog
c:\users\dvash\onedrive - technion\spring25\cagd\cagd\demo\debug\demo.tlog\link-cvtres.read.1.tlog
c:\users\dvash\onedrive - technion\spring25\cagd\cagd\demo\debug\demo.tlog\link-cvtres.write.1.tlog
c:\users\dvash\onedrive - technion\spring25\cagd\cagd\demo\debug\demo.tlog\link-rc.read.1.tlog
c:\users\dvash\onedrive - technion\spring25\cagd\cagd\demo\debug\demo.tlog\link-rc.write.1.tlog
c:\users\dvash\onedrive - technion\spring25\cagd\cagd\demo\debug\demo.tlog\link.26408-cvtres.read.1.tlog
c:\users\dvash\onedrive - technion\spring25\cagd\cagd\demo\debug\demo.tlog\link.26408-cvtres.write.1.tlog
c:\users\dvash\onedrive - technion\spring25\cagd\cagd\demo\debug\demo.tlog\link.26408-rc.read.1.tlog
c:\users\dvash\onedrive - technion\spring25\cagd\cagd\demo\debug\demo.tlog\link.26408-rc.write.1.tlog
c:\users\dvash\onedrive - technion\spring25\cagd\cagd\demo\debug\demo.tlog\link.26408.read.1.tlog
c:\users\dvash\onedrive - technion\spring25\cagd\cagd\demo\debug\demo.tlog\link.26408.write.1.tlog
c:\users\dvash\onedrive - technion\spring25\cagd\cagd\demo\debug\demo.tlog\link.command.1.tlog
c:\users\dvash\onedrive - technion\spring25\cagd\cagd\demo\debug\demo.tlog\link.read.1.tlog
c:\users\dvash\onedrive - technion\spring25\cagd\cagd\demo\debug\demo.tlog\link.write.1.tlog
c:\users\dvash\onedrive - technion\spring25\cagd\cagd\demo\debug\demo.tlog\rc.command.1.tlog
c:\users\dvash\onedrive - technion\spring25\cagd\cagd\demo\debug\demo.tlog\rc.read.1.tlog
c:\users\dvash\onedrive - technion\spring25\cagd\cagd\demo\debug\demo.tlog\rc.write.1.tlog
