C:\TEMP\VS2012\CAGDCLASS2012\DEMO\RELEASE\DEMO.OBJ
C:\TEMP\VS2012\CAGDCLASS2012\DEMO\RELEASE\VC110.PDB
C:\TEMP\VS2012\CAGDCLASS2012\DEMO\RELEASE\DEMO.EXE
C:\TEMP\VS2012\CAGDCLASS2012\DEMO\RELEASE\DEMO.RES
C:\temp\VS2012\CAGDClass2012\demo\Release\demo.obj
C:\temp\VS2012\CAGDClass2012\demo\Release\cl.command.1.tlog
C:\temp\VS2012\CAGDClass2012\demo\Release\CL.read.1.tlog
C:\temp\VS2012\CAGDClass2012\demo\Release\CL.write.1.tlog
C:\temp\VS2012\CAGDClass2012\demo\Release\link-cvtres.read.1.tlog
C:\temp\VS2012\CAGDClass2012\demo\Release\link-cvtres.write.1.tlog
C:\temp\VS2012\CAGDClass2012\demo\Release\link-rc.read.1.tlog
C:\temp\VS2012\CAGDClass2012\demo\Release\link-rc.write.1.tlog
C:\temp\VS2012\CAGDClass2012\demo\Release\link.command.1.tlog
C:\temp\VS2012\CAGDClass2012\demo\Release\link.read.1.tlog
C:\temp\VS2012\CAGDClass2012\demo\Release\link.write.1.tlog
C:\temp\VS2012\CAGDClass2012\demo\Release\rc.command.1.tlog
C:\temp\VS2012\CAGDClass2012\demo\Release\rc.read.1.tlog
C:\temp\VS2012\CAGDClass2012\demo\Release\rc.write.1.tlog
C:\temp\VS2012\CAGDClass2012\demo\Release\demo.res
C:\temp\VS2012\CAGDClass2012\demo\Release\vc110.pdb
C:\temp\VS2012\CAGDClass2012\demo\.\Release\demo.exe
